<?xml version="1.0" encoding="UTF-8"?>
<testsuite xmlns:xsi="http://www.w3.org/2001/XMLSchema-instance" xsi:noNamespaceSchemaLocation="https://maven.apache.org/surefire/maven-surefire-plugin/xsd/surefire-test-report.xsd" version="3.0.2" name="com.notebook.note_back.NoteBackApplicationTests" time="3.957" tests="1" errors="0" skipped="0" failures="0">
  <properties>
[...]
</properties>
  <testcase name="contextLoads" classname="com.notebook.note_back.NoteBackApplicationTests" time="0.739">
    <system-out><![CDATA[14:40:21.575 [main] INFO org.springframework.test.context.support.AnnotationConfigContextLoaderUtils -- Could not detect default configuration classes for test class [com.notebook.note_back.NoteBackApplicationTests]: NoteBackApplicationTests does not declare any static, non-private, non-final, nested classes annotated with @Configuration.
14:40:21.680 [main] INFO org.springframework.boot.test.context.SpringBootTestContextBootstrapper -- Found @SpringBootConfiguration com.notebook.note_back.NoteBackApplication for test class com.notebook.note_back.NoteBackApplicationTests

  .   ____          _            __ _ _
 /\\ / ___'_ __ _ _(_)_ __  __ _ \ \ \ \
( ( )\___ | '_ | '_| | '_ \/ _` | \ \ \ \
 \\/  ___)| |_)| | | | | || (_| |  ) ) ) )
  '  |____| .__|_| |_|_| |_\__, | / / / /
 =========|_|==============|___/=/_/_/_/

 :: Spring Boot ::                (v3.4.3)

2025-03-13T14:40:22.116+08:00  INFO 16872 --- [           main] c.n.note_back.NoteBackApplicationTests   : Starting NoteBackApplicationTests using Java 17.0.2 with PID 16872 (started by User in E:\github\my-project\note\note_back)
2025-03-13T14:40:22.118+08:00  INFO 16872 --- [           main] c.n.note_back.NoteBackApplicationTests   : No active profile set, falling back to 1 default profile: "default"
 _ _   |_  _ _|_. ___ _ |    _ 
| | |\/|_)(_| | |_\  |_)||_|_\ 
     /               |         
                        3.5.7 
2025-03-13T14:40:24.623+08:00  INFO 16872 --- [           main] c.n.note_back.NoteBackApplicationTests   : Started NoteBackApplicationTests in 2.792 seconds (process running for 3.609)
]]></system-out>
  </testcase>
</testsuite>